<?xml version="1.0" encoding="UTF-8"?>
<!-- Generated by org.testng.reporters.JUnitXMLReporter -->
<testsuite ignored="0" hostname="WIN-5C6O6N6QT31" failures="0" tests="1" name="Test" time="0.058" errors="0" timestamp="2021-07-12T23:13:01 IST">
  <testcase classname="Selenium.HomePage" name="@BeforeTest url" time="0.009">
    <failure type="java.lang.NullPointerException" message="Cannot invoke &amp;quot;String.equals(Object)&amp;quot; because &amp;quot;browserName&amp;quot; is null">
      <![CDATA[java.lang.NullPointerException: Cannot invoke "String.equals(Object)" because "browserName" is null
at Resources.Base.initializeBrowser(Base.java:28)
at Selenium.HomePage.url(HomePage.java:19)
at java.base/java.util.concurrent.FutureTask.run(FutureTask.java:264)
at java.base/java.util.concurrent.ThreadPoolExecutor.runWorker(ThreadPoolExecutor.java:1130)
at java.base/java.util.concurrent.ThreadPoolExecutor$Worker.run(ThreadPoolExecutor.java:630)
at java.base/java.lang.Thread.run(Thread.java:831)
... Removed 15 stack frames]]>
    </failure>
  </testcase> <!-- @BeforeTest url -->
  <testcase classname="Selenium.LoginPageTest" name="@BeforeTest url" time="0.009">
    <failure type="java.lang.NullPointerException" message="Cannot invoke &amp;quot;String.equals(Object)&amp;quot; because &amp;quot;browserName&amp;quot; is null">
      <![CDATA[java.lang.NullPointerException: Cannot invoke "String.equals(Object)" because "browserName" is null
at Resources.Base.initializeBrowser(Base.java:28)
at Selenium.LoginPageTest.url(LoginPageTest.java:24)
at java.base/java.util.concurrent.FutureTask.run(FutureTask.java:264)
at java.base/java.util.concurrent.ThreadPoolExecutor.runWorker(ThreadPoolExecutor.java:1130)
at java.base/java.util.concurrent.ThreadPoolExecutor$Worker.run(ThreadPoolExecutor.java:630)
at java.base/java.lang.Thread.run(Thread.java:831)
... Removed 15 stack frames]]>
    </failure>
  </testcase> <!-- @BeforeTest url -->
  <testcase classname="Selenium.HomePage" name="@AfterTest closingbrowsers" time="-1.626111781339E9">
    <skipped/>
  </testcase> <!-- @AfterTest closingbrowsers -->
  <testcase classname="Selenium.LoginPageTest" name="@AfterTest closingbrowsers" time="-1.626111781347E9">
    <skipped/>
  </testcase> <!-- @AfterTest closingbrowsers -->
  <testcase classname="Selenium.HomePage" name="basepageNavigation" time="0.0">
    <skipped/>
  </testcase> <!-- basepageNavigation -->
</testsuite> <!-- Test -->
