<?xml version="1.0" encoding="UTF-8"?>
<!-- Generated by org.testng.reporters.JUnitXMLReporter -->
<testsuite hostname="WIN-5C6O6N6QT31" ignored="0" name="Test1" tests="3" failures="2" timestamp="2021-07-12T23:25:53 IST" time="6.848" errors="0">
  <testcase name="loginpagenavigation" time="0.646" classname="Selenium.LoginPageTest"/>
  <testcase name="passingcredentials" time="0.344" classname="Selenium.LoginPageTest">
    <failure type="java.lang.AssertionError" message="expected [WebServices1 Testing using SoapUI] but found [WebServices Testing using SoapUI]">
      <![CDATA[java.lang.AssertionError: expected [WebServices1 Testing using SoapUI] but found [WebServices Testing using SoapUI]
at Selenium.LoginPageTest.passingcredentials(LoginPageTest.java:44)
at java.util.ArrayList.forEach(ArrayList.java:1259)
at java.util.concurrent.FutureTask.run(FutureTask.java:266)
at java.util.concurrent.ThreadPoolExecutor.runWorker(ThreadPoolExecutor.java:1149)
at java.util.concurrent.ThreadPoolExecutor$Worker.run(ThreadPoolExecutor.java:624)
at java.lang.Thread.run(Thread.java:748)
... Removed 24 stack frames]]>
    </failure>
  </testcase> <!-- passingcredentials -->
  <testcase name="passingcredentials" time="0.405" classname="Selenium.LoginPageTest">
    <failure type="java.lang.AssertionError" message="expected [WebServices1 Testing using SoapUI] but found [WebServices Testing using SoapUI]">
      <![CDATA[java.lang.AssertionError: expected [WebServices1 Testing using SoapUI] but found [WebServices Testing using SoapUI]
at Selenium.LoginPageTest.passingcredentials(LoginPageTest.java:44)
at java.util.ArrayList.forEach(ArrayList.java:1259)
at java.util.concurrent.FutureTask.run(FutureTask.java:266)
at java.util.concurrent.ThreadPoolExecutor.runWorker(ThreadPoolExecutor.java:1149)
at java.util.concurrent.ThreadPoolExecutor$Worker.run(ThreadPoolExecutor.java:624)
at java.lang.Thread.run(Thread.java:748)
... Removed 24 stack frames]]>
    </failure>
  </testcase> <!-- passingcredentials -->
</testsuite> <!-- Test1 -->
